# JRE version: OpenJDK Runtime Environment Temurin-21.0.10+7 (21.0.10+7) (build 21.0.10+7-LTS)
# Java VM: OpenJDK 64-Bit Server VM Temurin-21.0.10+7 (21.0.10+7-LTS, mixed mode, sharing, tiered, compressed oops, compressed class ptrs, parallel gc, windows-amd64)
GC Precious Log:
 CardTable entry size: 512
 CPUs: 16 total, 16 available
 Memory: 16044M
 Large Page Support: Disabled
 NUMA Support: Disabled
 Compressed Oops: Enabled (32-bit)
 Alignments: Space 512K, Generation 512K, Heap 2M
 Heap Min Capacity: 100M
 Heap Initial Capacity: 100M
 Heap Max Capacity: 2G
 Pre-touch: Disabled
 Parallel Workers: 13
Heap:
 PSYoungGen      total 5632K, used 1535K [0x00000000d5580000, 0x00000000d5e80000, 0x0000000100000000)
  eden space 5120K, 20% used [0x00000000d5580000,0x00000000d568bda8,0x00000000d5a80000)
  from space 512K, 90% used [0x00000000d5e00000,0x00000000d5e74030,0x00000000d5e80000)
  to   space 512K, 0% used [0x00000000d5d80000,0x00000000d5d80000,0x00000000d5e00000)
 ParOldGen       total 372224K, used 371842K [0x0000000080000000, 0x0000000096b80000, 0x00000000d5580000)
  object space 372224K, 99% used [0x0000000080000000,0x0000000096b20878,0x0000000096b80000)
 Metaspace       used 88969K, committed 90752K, reserved 1179648K
  class space    used 9357K, committed 10112K, reserved 1048576K
GC Heap History (20 events):
Event: 1257.153 GC heap before
{Heap before GC invocations=888 (full 5):
 PSYoungGen      total 6144K, used 5876K [0x00000000d5580000, 0x00000000d6080000, 0x0000000100000000)
  eden space 5120K, 100% used [0x00000000d5580000,0x00000000d5a80000,0x00000000d5a80000)
  from space 1024K, 73% used [0x00000000d5f80000,0x00000000d603d200,0x00000000d6080000)
  to   space 2048K, 0% used [0x00000000d5c80000,0x00000000d5c80000,0x00000000d5e80000)
 ParOldGen       total 369664K, used 369610K [0x0000000080000000, 0x0000000096900000, 0x00000000d5580000)
  object space 369664K, 99% used [0x0000000080000000,0x00000000968f2b60,0x0000000096900000)
 Metaspace       used 88896K, committed 90752K, reserved 1179648K
  class space    used 9356K, committed 10112K, reserved 1048576K
}
Event: 1257.158 GC heap after
{Heap after GC invocations=888 (full 5):
 PSYoungGen      total 7168K, used 2022K [0x00000000d5580000, 0x00000000d6080000, 0x0000000100000000)
  eden space 5120K, 0% used [0x00000000d5580000,0x00000000d5580000,0x00000000d5a80000)
  from space 2048K, 98% used [0x00000000d5c80000,0x00000000d5e79990,0x00000000d5e80000)
  to   space 2048K, 0% used [0x00000000d5e80000,0x00000000d5e80000,0x00000000d6080000)
 ParOldGen       total 370688K, used 370202K [0x0000000080000000, 0x0000000096a00000, 0x00000000d5580000)
  object space 370688K, 99% used [0x0000000080000000,0x0000000096986b60,0x0000000096a00000)
 Metaspace       used 88896K, committed 90752K, reserved 1179648K
  class space    used 9356K, committed 10112K, reserved 1048576K
}
Event: 1283.056 GC heap before
{Heap before GC invocations=889 (full 5):
 PSYoungGen      total 7168K, used 7047K [0x00000000d5580000, 0x00000000d6080000, 0x0000000100000000)
  eden space 5120K, 98% used [0x00000000d5580000,0x00000000d5a68588,0x00000000d5a80000)
  from space 2048K, 98% used [0x00000000d5c80000,0x00000000d5e79990,0x00000000d5e80000)
  to   space 2048K, 0% used [0x00000000d5e80000,0x00000000d5e80000,0x00000000d6080000)
 ParOldGen       total 370688K, used 370202K [0x0000000080000000, 0x0000000096a00000, 0x00000000d5580000)
  object space 370688K, 99% used [0x0000000080000000,0x0000000096986b60,0x0000000096a00000)
 Metaspace       used 88898K, committed 90752K, reserved 1179648K
  class space    used 9356K, committed 10112K, reserved 1048576K
}
Event: 1283.058 GC heap after
{Heap after GC invocations=889 (full 5):
 PSYoungGen      total 6144K, used 624K [0x00000000d5580000, 0x00000000d5f80000, 0x0000000100000000)
  eden space 5120K, 0% used [0x00000000d5580000,0x00000000d5580000,0x00000000d5a80000)
  from space 1024K, 60% used [0x00000000d5e80000,0x00000000d5f1c010,0x00000000d5f80000)
  to   space 1536K, 0% used [0x00000000d5c80000,0x00000000d5c80000,0x00000000d5e00000)
 ParOldGen       total 370688K, used 370306K [0x0000000080000000, 0x0000000096a00000, 0x00000000d5580000)
  object space 370688K, 99% used [0x0000000080000000,0x00000000969a0b60,0x0000000096a00000)
 Metaspace       used 88898K, committed 90752K, reserved 1179648K
  class space    used 9356K, committed 10112K, reserved 1048576K
}
Event: 1283.460 GC heap before
{Heap before GC invocations=890 (full 5):
 PSYoungGen      total 6144K, used 5741K [0x00000000d5580000, 0x00000000d5f80000, 0x0000000100000000)
  eden space 5120K, 99% used [0x00000000d5580000,0x00000000d5a7f780,0x00000000d5a80000)
  from space 1024K, 60% used [0x00000000d5e80000,0x00000000d5f1c010,0x00000000d5f80000)
  to   space 1536K, 0% used [0x00000000d5c80000,0x00000000d5c80000,0x00000000d5e00000)
 ParOldGen       total 370688K, used 370306K [0x0000000080000000, 0x0000000096a00000, 0x00000000d5580000)
  object space 370688K, 99% used [0x0000000080000000,0x00000000969a0b60,0x0000000096a00000)
 Metaspace       used 88899K, committed 90752K, reserved 1179648K
  class space    used 9356K, committed 10112K, reserved 1048576K
}
Event: 1283.463 GC heap after
{Heap after GC invocations=890 (full 5):
 PSYoungGen      total 6656K, used 672K [0x00000000d5580000, 0x00000000d5f00000, 0x0000000100000000)
  eden space 5120K, 0% used [0x00000000d5580000,0x00000000d5580000,0x00000000d5a80000)
  from space 1536K, 43% used [0x00000000d5c80000,0x00000000d5d28000,0x00000000d5e00000)
  to   space 1024K, 0% used [0x00000000d5e00000,0x00000000d5e00000,0x00000000d5f00000)
 ParOldGen       total 371200K, used 370735K [0x0000000080000000, 0x0000000096a80000, 0x00000000d5580000)
  object space 371200K, 99% used [0x0000000080000000,0x0000000096a0bd70,0x0000000096a80000)
 Metaspace       used 88899K, committed 90752K, reserved 1179648K
  class space    used 9356K, committed 10112K, reserved 1048576K
}
Event: 1283.472 GC heap before
{Heap before GC invocations=891 (full 5):
 PSYoungGen      total 6656K, used 5792K [0x00000000d5580000, 0x00000000d5f00000, 0x0000000100000000)
  eden space 5120K, 100% used [0x00000000d5580000,0x00000000d5a80000,0x00000000d5a80000)
  from space 1536K, 43% used [0x00000000d5c80000,0x00000000d5d28000,0x00000000d5e00000)
  to   space 1024K, 0% used [0x00000000d5e00000,0x00000000d5e00000,0x00000000d5f00000)
 ParOldGen       total 371200K, used 370735K [0x0000000080000000, 0x0000000096a80000, 0x00000000d5580000)
  object space 371200K, 99% used [0x0000000080000000,0x0000000096a0bd70,0x0000000096a80000)
 Metaspace       used 88899K, committed 90752K, reserved 1179648K
  class space    used 9356K, committed 10112K, reserved 1048576K
}
Event: 1283.474 GC heap after
{Heap after GC invocations=891 (full 5):
 PSYoungGen      total 6144K, used 580K [0x00000000d5580000, 0x00000000d5f00000, 0x0000000100000000)
  eden space 5120K, 0% used [0x00000000d5580000,0x00000000d5580000,0x00000000d5a80000)
  from space 1024K, 56% used [0x00000000d5e00000,0x00000000d5e91210,0x00000000d5f00000)
  to   space 1024K, 0% used [0x00000000d5d00000,0x00000000d5d00000,0x00000000d5e00000)
 ParOldGen       total 371712K, used 371212K [0x0000000080000000, 0x0000000096b00000, 0x00000000d5580000)
  object space 371712K, 99% used [0x0000000080000000,0x0000000096a83000,0x0000000096b00000)
 Metaspace       used 88899K, committed 90752K, reserved 1179648K
  class space    used 9356K, committed 10112K, reserved 1048576K
}
Event: 1289.736 GC heap before
{Heap before GC invocations=892 (full 5):
 PSYoungGen      total 6144K, used 5639K [0x00000000d5580000, 0x00000000d5f00000, 0x0000000100000000)
  eden space 5120K, 98% used [0x00000000d5580000,0x00000000d5a70d78,0x00000000d5a80000)
  from space 1024K, 56% used [0x00000000d5e00000,0x00000000d5e91210,0x00000000d5f00000)
  to   space 1024K, 0% used [0x00000000d5d00000,0x00000000d5d00000,0x00000000d5e00000)
 ParOldGen       total 371712K, used 371212K [0x0000000080000000, 0x0000000096b00000, 0x00000000d5580000)
  object space 371712K, 99% used [0x0000000080000000,0x0000000096a83000,0x0000000096b00000)
 Metaspace       used 88905K, committed 90752K, reserved 1179648K
  class space    used 9357K, committed 10112K, reserved 1048576K
}
Event: 1289.738 GC heap after
{Heap after GC invocations=892 (full 5):
 PSYoungGen      total 6144K, used 1020K [0x00000000d5580000, 0x00000000d5e80000, 0x0000000100000000)
  eden space 5120K, 0% used [0x00000000d5580000,0x00000000d5580000,0x00000000d5a80000)
  from space 1024K, 99% used [0x00000000d5d00000,0x00000000d5dff1c0,0x00000000d5e00000)
  to   space 512K, 0% used [0x00000000d5e00000,0x00000000d5e00000,0x00000000d5e80000)
 ParOldGen       total 371712K, used 371346K [0x0000000080000000, 0x0000000096b00000, 0x00000000d5580000)
  object space 371712K, 99% used [0x0000000080000000,0x0000000096aa4878,0x0000000096b00000)
 Metaspace       used 88905K, committed 90752K, reserved 1179648K
  class space    used 9357K, committed 10112K, reserved 1048576K
}
Event: 1289.763 GC heap before
{Heap before GC invocations=893 (full 5):
 PSYoungGen      total 6144K, used 6116K [0x00000000d5580000, 0x00000000d5e80000, 0x0000000100000000)
  eden space 5120K, 99% used [0x00000000d5580000,0x00000000d5a7a160,0x00000000d5a80000)
  from space 1024K, 99% used [0x00000000d5d00000,0x00000000d5dff1c0,0x00000000d5e00000)
  to   space 512K, 0% used [0x00000000d5e00000,0x00000000d5e00000,0x00000000d5e80000)
 ParOldGen       total 371712K, used 371346K [0x0000000080000000, 0x0000000096b00000, 0x00000000d5580000)
  object space 371712K, 99% used [0x0000000080000000,0x0000000096aa4878,0x0000000096b00000)
 Metaspace       used 88905K, committed 90752K, reserved 1179648K
  class space    used 9357K, committed 10112K, reserved 1048576K
}
Event: 1289.764 GC heap after
{Heap after GC invocations=893 (full 5):
 PSYoungGen      total 5632K, used 320K [0x00000000d5580000, 0x00000000d5e80000, 0x0000000100000000)
  eden space 5120K, 0% used [0x00000000d5580000,0x00000000d5580000,0x00000000d5a80000)
  from space 512K, 62% used [0x00000000d5e00000,0x00000000d5e50000,0x00000000d5e80000)
  to   space 1024K, 0% used [0x00000000d5c80000,0x00000000d5c80000,0x00000000d5d80000)
 ParOldGen       total 371712K, used 371562K [0x0000000080000000, 0x0000000096b00000, 0x00000000d5580000)
  object space 371712K, 99% used [0x0000000080000000,0x0000000096ada878,0x0000000096b00000)
 Metaspace       used 88905K, committed 90752K, reserved 1179648K
  class space    used 9357K, committed 10112K, reserved 1048576K
}
Event: 1410.404 GC heap before
{Heap before GC invocations=894 (full 5):
 PSYoungGen      total 5632K, used 5439K [0x00000000d5580000, 0x00000000d5e80000, 0x0000000100000000)
  eden space 5120K, 99% used [0x00000000d5580000,0x00000000d5a7ffc0,0x00000000d5a80000)
  from space 512K, 62% used [0x00000000d5e00000,0x00000000d5e50000,0x00000000d5e80000)
  to   space 1024K, 0% used [0x00000000d5c80000,0x00000000d5c80000,0x00000000d5d80000)
 ParOldGen       total 371712K, used 371562K [0x0000000080000000, 0x0000000096b00000, 0x00000000d5580000)
  object space 371712K, 99% used [0x0000000080000000,0x0000000096ada878,0x0000000096b00000)
 Metaspace       used 88925K, committed 90752K, reserved 1179648K
  class space    used 9357K, committed 10112K, reserved 1048576K
}
Event: 1410.406 GC heap after
{Heap after GC invocations=894 (full 5):
 PSYoungGen      total 6144K, used 288K [0x00000000d5580000, 0x00000000d5e80000, 0x0000000100000000)
  eden space 5120K, 0% used [0x00000000d5580000,0x00000000d5580000,0x00000000d5a80000)
  from space 1024K, 28% used [0x00000000d5c80000,0x00000000d5cc8000,0x00000000d5d80000)
  to   space 512K, 0% used [0x00000000d5e00000,0x00000000d5e00000,0x00000000d5e80000)
 ParOldGen       total 371712K, used 371618K [0x0000000080000000, 0x0000000096b00000, 0x00000000d5580000)
  object space 371712K, 99% used [0x0000000080000000,0x0000000096ae8878,0x0000000096b00000)
 Metaspace       used 88925K, committed 90752K, reserved 1179648K
  class space    used 9357K, committed 10112K, reserved 1048576K
}
Event: 1410.717 GC heap before
{Heap before GC invocations=895 (full 5):
 PSYoungGen      total 6144K, used 5352K [0x00000000d5580000, 0x00000000d5e80000, 0x0000000100000000)
  eden space 5120K, 98% used [0x00000000d5580000,0x00000000d5a722c8,0x00000000d5a80000)
  from space 1024K, 28% used [0x00000000d5c80000,0x00000000d5cc8000,0x00000000d5d80000)
  to   space 512K, 0% used [0x00000000d5e00000,0x00000000d5e00000,0x00000000d5e80000)
 ParOldGen       total 371712K, used 371618K [0x0000000080000000, 0x0000000096b00000, 0x00000000d5580000)
  object space 371712K, 99% used [0x0000000080000000,0x0000000096ae8878,0x0000000096b00000)
 Metaspace       used 88925K, committed 90752K, reserved 1179648K
  class space    used 9357K, committed 10112K, reserved 1048576K
}
Event: 1410.718 GC heap after
{Heap after GC invocations=895 (full 5):
 PSYoungGen      total 5632K, used 288K [0x00000000d5580000, 0x00000000d5e80000, 0x0000000100000000)
  eden space 5120K, 0% used [0x00000000d5580000,0x00000000d5580000,0x00000000d5a80000)
  from space 512K, 56% used [0x00000000d5e00000,0x00000000d5e48000,0x00000000d5e80000)
  to   space 512K, 0% used [0x00000000d5d80000,0x00000000d5d80000,0x00000000d5e00000)
 ParOldGen       total 372224K, used 371714K [0x0000000080000000, 0x0000000096b80000, 0x00000000d5580000)
  object space 372224K, 99% used [0x0000000080000000,0x0000000096b00878,0x0000000096b80000)
 Metaspace       used 88925K, committed 90752K, reserved 1179648K
  class space    used 9357K, committed 10112K, reserved 1048576K
}
Event: 1410.819 GC heap before
{Heap before GC invocations=896 (full 5):
 PSYoungGen      total 5632K, used 5408K [0x00000000d5580000, 0x00000000d5e80000, 0x0000000100000000)
  eden space 5120K, 100% used [0x00000000d5580000,0x00000000d5a80000,0x00000000d5a80000)
  from space 512K, 56% used [0x00000000d5e00000,0x00000000d5e48000,0x00000000d5e80000)
  to   space 512K, 0% used [0x00000000d5d80000,0x00000000d5d80000,0x00000000d5e00000)
 ParOldGen       total 372224K, used 371714K [0x0000000080000000, 0x0000000096b80000, 0x00000000d5580000)
  object space 372224K, 99% used [0x0000000080000000,0x0000000096b00878,0x0000000096b80000)
 Metaspace       used 88925K, committed 90752K, reserved 1179648K
  class space    used 9357K, committed 10112K, reserved 1048576K
}
Event: 1410.821 GC heap after
{Heap after GC invocations=896 (full 5):
 PSYoungGen      total 5632K, used 416K [0x00000000d5580000, 0x00000000d5e80000, 0x0000000100000000)
  eden space 5120K, 0% used [0x00000000d5580000,0x00000000d5580000,0x00000000d5a80000)
  from space 512K, 81% used [0x00000000d5d80000,0x00000000d5de8000,0x00000000d5e00000)
  to   space 512K, 0% used [0x00000000d5e00000,0x00000000d5e00000,0x00000000d5e80000)
 ParOldGen       total 372224K, used 371826K [0x0000000080000000, 0x0000000096b80000, 0x00000000d5580000)
  object space 372224K, 99% used [0x0000000080000000,0x0000000096b1c878,0x0000000096b80000)
 Metaspace       used 88925K, committed 90752K, reserved 1179648K
  class space    used 9357K, committed 10112K, reserved 1048576K
}
Event: 4980.454 GC heap before
{Heap before GC invocations=897 (full 5):
 PSYoungGen      total 5632K, used 5536K [0x00000000d5580000, 0x00000000d5e80000, 0x0000000100000000)
  eden space 5120K, 100% used [0x00000000d5580000,0x00000000d5a80000,0x00000000d5a80000)
  from space 512K, 81% used [0x00000000d5d80000,0x00000000d5de8000,0x00000000d5e00000)
  to   space 512K, 0% used [0x00000000d5e00000,0x00000000d5e00000,0x00000000d5e80000)
 ParOldGen       total 372224K, used 371826K [0x0000000080000000, 0x0000000096b80000, 0x00000000d5580000)
  object space 372224K, 99% used [0x0000000080000000,0x0000000096b1c878,0x0000000096b80000)
 Metaspace       used 88960K, committed 90752K, reserved 1179648K
  class space    used 9357K, committed 10112K, reserved 1048576K
}
Event: 4980.538 GC heap after
{Heap after GC invocations=897 (full 5):
 PSYoungGen      total 5632K, used 464K [0x00000000d5580000, 0x00000000d5e80000, 0x0000000100000000)
  eden space 5120K, 0% used [0x00000000d5580000,0x00000000d5580000,0x00000000d5a80000)
  from space 512K, 90% used [0x00000000d5e00000,0x00000000d5e74030,0x00000000d5e80000)
  to   space 512K, 0% used [0x00000000d5d80000,0x00000000d5d80000,0x00000000d5e00000)
 ParOldGen       total 372224K, used 371842K [0x0000000080000000, 0x0000000096b80000, 0x00000000d5580000)
  object space 372224K, 99% used [0x0000000080000000,0x0000000096b20878,0x0000000096b80000)
 Metaspace       used 88960K, committed 90752K, reserved 1179648K
  class space    used 9357K, committed 10112K, reserved 1048576K
}

